<?xml version="1.0" encoding="UTF-8"?>
<!-- Generated by org.testng.reporters.JUnitXMLReporter -->
<testsuite ignored="0" hostname="DU1LSITA112PPH" failures="0" tests="3" name="Test" time="0.077" errors="0" timestamp="2023-01-23T17:55:30 GST">
  <testcase classname="com.das.pnrtest.DASOutputPNRTest" name="checkTravellerID" time="0.052"/>
  <testcase classname="com.das.pnrtest.DASOutputPNRTest" name="validateBookingRef" time="0.001"/>
  <testcase classname="com.das.pnrtest.DASOutputPNRTest" name="validateJourneySegment" time="0.001"/>
</testsuite> <!-- Test -->
